2026-07-13 13:29:36,916 [INFO] Loaded code sets: SH=0, SZ=0
2026-07-13 13:29:36,919 [INFO] [INFO] 无新预警
2026-07-13 13:30:43,185 [INFO] Loaded code sets: SH=0, SZ=0
2026-07-13 13:30:43,189 [INFO] [INFO] 无新预警
2026-07-13 13:31:13,230 [INFO] Loaded code sets: SH=4767, SZ=4254
2026-07-13 13:31:13,232 [INFO] [INFO] 无新预警
2026-07-13 13:31:30,377 [INFO] Loaded code sets: SH=4767, SZ=4254
2026-07-13 13:31:30,378 [INFO] [INFO] 无新预警
2026-07-13 13:34:48,577 [INFO] Loaded code sets: SH=4767, SZ=4254
2026-07-13 13:34:48,583 [INFO] [INFO] 无新预警
2026-07-13 13:45:48,543 [INFO] Loaded code sets: SH=4767, SZ=4254
2026-07-13 13:45:48,548 [INFO] [INFO] 无新预警
2026-07-13 13:46:32,288 [INFO] Loaded code sets: SH=4767, SZ=4254
2026-07-13 13:46:32,290 [INFO] [INFO] 无新预警
2026-07-13 13:46:38,813 [INFO] Loaded code sets: SH=4767, SZ=4254
2026-07-13 13:46:38,814 [INFO] [INFO] 无新预警
2026-07-13 13:48:19,275 [INFO] Loaded code sets: SH=4767, SZ=4254
2026-07-13 13:48:19,277 [INFO] [INFO] 无新预警
2026-07-13 13:49:30,403 [INFO] Loaded code sets: SH=4767, SZ=4254
2026-07-13 13:49:30,406 [ERROR] Parse failed D:\TDX\T0002\blocknew\.blk: name 'content' is not defined
2026-07-13 13:49:30,407 [ERROR] Parse failed D:\TDX\T0002\blocknew\tjg.blk: name 'content' is not defined
2026-07-13 13:49:30,407 [INFO] [INFO] 无新预警
2026-07-13 13:49:48,739 [INFO] Loaded code sets: SH=4767, SZ=4254
2026-07-13 13:49:48,759 [INFO] [INFO] 无新预警
2026-07-13 13:50:38,218 [INFO] Loaded code sets: SH=4767, SZ=4254
2026-07-13 13:50:38,221 [ERROR] Failed to save tracked: No module named 'fcntl'
2026-07-13 13:50:38,222 [WARNING] Failed to save tracked initial state
2026-07-13 13:50:38,222 [INFO] [INFO] 批量评估 12 只股票
2026-07-13 13:50:38,222 [INFO] [EVAL] 批量评估: 12只, 代码: 0001207,0002158,0300440,0300454,0300487,0301202,0301321,1688061,1688202,1688319,1688371,1688508
2026-07-13 13:50:43,710 [WARNING] [EVAL] 批量评估失败: stderr=Traceback (most recent call last):
  File "D:\Hermes\评估中心\tools\eval_smart.py", line 790, in <module>
    p = run_smart_eval(inputs, title=args.title, output_dir=os.path.abspath(args.output) if args.output else None)
  File "D:\Hermes\评估中心\tools\eval_smart.py", line 580, in run_smart_eval
    stock_
2026-07-13 13:50:43,711 [INFO] PUSH: D:\Hermes\评估中心\tools\tdx_connector\telegram_queue\0001207_13504371.txt
2026-07-13 13:50:43,712 [INFO] PUSH: D:\Hermes\评估中心\tools\tdx_connector\telegram_queue\0002158_13504371.txt
2026-07-13 13:50:43,712 [INFO] PUSH: D:\Hermes\评估中心\tools\tdx_connector\telegram_queue\0300440_13504371.txt
2026-07-13 13:50:43,713 [INFO] PUSH: D:\Hermes\评估中心\tools\tdx_connector\telegram_queue\0300454_13504371.txt
2026-07-13 13:50:43,714 [INFO] PUSH: D:\Hermes\评估中心\tools\tdx_connector\telegram_queue\0300487_13504371.txt
2026-07-13 13:50:43,715 [INFO] PUSH: D:\Hermes\评估中心\tools\tdx_connector\telegram_queue\0301202_13504371.txt
2026-07-13 13:50:43,715 [INFO] PUSH: D:\Hermes\评估中心\tools\tdx_connector\telegram_queue\0301321_13504371.txt
2026-07-13 13:50:43,716 [INFO] PUSH: D:\Hermes\评估中心\tools\tdx_connector\telegram_queue\1688061_13504371.txt
2026-07-13 13:50:43,717 [INFO] PUSH: D:\Hermes\评估中心\tools\tdx_connector\telegram_queue\1688202_13504371.txt
2026-07-13 13:50:43,717 [INFO] PUSH: D:\Hermes\评估中心\tools\tdx_connector\telegram_queue\1688319_13504371.txt
2026-07-13 13:50:43,723 [INFO] PUSH: D:\Hermes\评估中心\tools\tdx_connector\telegram_queue\1688371_13504372.txt
2026-07-13 13:50:43,724 [INFO] PUSH: D:\Hermes\评估中心\tools\tdx_connector\telegram_queue\1688508_13504372.txt
2026-07-13 13:50:43,725 [ERROR] Failed to save tracked: No module named 'fcntl'
2026-07-13 13:50:43,725 [WARNING] Failed to save tracked final state
2026-07-13 13:50:43,725 [INFO] [DONE] 处理完成: 12 只股票
2026-07-13 13:51:33,072 [INFO] Loaded code sets: SH=4767, SZ=4254
2026-07-13 13:51:33,074 [INFO] [SKIP] 7位代码（基金/LOF，eval_smart不支持）: ['0001207', '0002158', '0300440', '0300454', '0300487', '0301202', '0301321', '1688061', '1688202', '1688319', '1688371', '1688508']
2026-07-13 13:51:33,078 [INFO] [INFO] 无新预警
2026-07-13 13:52:18,658 [INFO] Loaded code sets: SH=4767, SZ=4254
2026-07-13 13:52:18,660 [INFO] [SKIP] 7位代码（基金/LOF，eval_smart不支持）: ['0001207', '0002158', '0300440', '0300454', '0300487', '0301202', '1688061', '1688202', '1688319', '1688371', '1688508']
2026-07-13 13:52:18,660 [INFO] [INFO] 无新预警
2026-07-13 13:52:31,301 [INFO] Loaded code sets: SH=4767, SZ=4254
2026-07-13 13:52:31,303 [INFO] [SKIP] 7位代码（基金/LOF，eval_smart不支持）: ['0001207', '0002158', '0300440', '0300454', '0300487', '0301202', '0301321', '1688061', '1688202', '1688319', '1688371', '1688508']
2026-07-13 13:52:31,304 [ERROR] Failed to save tracked: pywintypes is required for Win32Locker but not found. Please install pywin32.
2026-07-13 13:52:31,308 [WARNING] Failed to save tracked initial state
2026-07-13 13:52:31,310 [INFO] [INFO] 单股评估
2026-07-13 13:52:31,310 [INFO] [EVAL] 开始评估: 600519 (sh), 代码格式: sh600519
2026-07-13 13:53:00,366 [INFO] [EVAL] 评估成功: 600519, 耗时 29.1s
2026-07-13 13:53:00,367 [INFO] PUSH: D:\Hermes\评估中心\tools\tdx_connector\telegram_queue\600519_13530036.txt
2026-07-13 13:53:00,368 [ERROR] Failed to save tracked: pywintypes is required for Win32Locker but not found. Please install pywin32.
2026-07-13 13:53:00,368 [WARNING] Failed to save tracked final state
2026-07-13 13:53:00,368 [INFO] [DONE] 处理完成: 1 只股票
2026-07-13 13:57:00,864 [INFO] Loaded code sets: SH=4767, SZ=4254
2026-07-13 13:57:00,866 [INFO] [SKIP] 7位代码（基金/LOF，eval_smart不支持）: ['0001207', '0002158', '0300440', '0300454', '0300487', '0301202', '0301321', '1688061', '1688202', '1688319', '1688371', '1688508']
2026-07-13 13:57:00,889 [INFO] [INFO] 单股评估
2026-07-13 13:57:00,893 [INFO] [EVAL] 开始评估: 600519 (sh), 代码格式: sh600519
2026-07-13 13:57:31,403 [INFO] [EVAL] 评估成功: 600519, 耗时 30.5s
2026-07-13 13:57:31,406 [INFO] PUSH: D:\Hermes\评估中心\tools\tdx_connector\telegram_queue\600519_13573140.txt
2026-07-13 13:57:31,407 [INFO] [DONE] 处理完成: 1 只股票
2026-07-13 13:57:49,064 [INFO] Loaded code sets: SH=4767, SZ=4254
2026-07-13 13:57:49,068 [INFO] [SKIP] 7位代码（基金/LOF，eval_smart不支持）: ['0001207', '0002158', '0300440', '0300454', '0300487', '0301202', '0301321', '1688061', '1688202', '1688319', '1688371', '1688508']
2026-07-13 13:57:49,068 [INFO] [INFO] 无新预警
2026-07-13 13:58:29,873 [INFO] Loaded code sets: SH=4767, SZ=4254
2026-07-13 13:58:29,874 [INFO] [SKIP] 7位代码（基金/LOF，eval_smart不支持）: ['0001207', '0002158', '0300440', '0300454', '0300487', '0301202', '0301321', '1688061', '1688202', '1688319', '1688371', '1688508']
2026-07-13 13:58:29,875 [INFO] [INFO] 无新预警
2026-07-13 14:00:05,453 [INFO] Loaded code sets: SH=4767, SZ=4254
2026-07-13 14:00:05,454 [INFO] [SKIP] 7位代码（基金/LOF，eval_smart不支持）: ['0001207', '0002158', '0300440', '0300454', '0300487', '0301202', '0301321', '1688061', '1688202', '1688319', '1688371', '1688508']
2026-07-13 14:00:05,459 [INFO] [INFO] 无新预警
2026-07-13 14:03:05,433 [INFO] Loaded code sets: SH=4767, SZ=4254
2026-07-13 14:03:05,434 [INFO] [SKIP] 7位代码（基金/LOF，eval_smart不支持）: ['0001207', '0002158', '0300440', '0300454', '0300487', '0301202', '0301321', '1688061', '1688202', '1688319', '1688371', '1688508']
2026-07-13 14:03:05,435 [INFO] [INFO] 无新预警
2026-07-13 14:06:00,245 [INFO] Loaded code sets: SH=4767, SZ=4254
2026-07-13 14:06:00,246 [INFO] [SKIP] 7位代码（基金/LOF，eval_smart不支持）: ['0001207', '0002158', '0300440', '0300454', '0300487', '0301202', '0301321', '1688061', '1688202', '1688319', '1688371', '1688508']
2026-07-13 14:06:00,247 [INFO] [INFO] 无新预警
2026-07-13 14:07:48,920 [INFO] Loaded code sets: SH=4767, SZ=4254
2026-07-13 14:07:48,927 [INFO] [SKIP] 7位代码（基金/LOF，eval_smart不支持）: ['0001207', '0002158', '0300440', '0300454', '0300487', '0301202', '0301321', '1688061', '1688202', '1688319', '1688371', '1688508']
2026-07-13 14:07:48,927 [INFO] [INFO] 无新预警
2026-07-13 14:09:00,352 [INFO] Loaded code sets: SH=4767, SZ=4254
2026-07-13 14:09:00,353 [INFO] [SKIP] 7位代码（基金/LOF，eval_smart不支持）: ['0001207', '0002158', '0300440', '0300454', '0300487', '0301202', '0301321', '1688061', '1688202', '1688319', '1688371', '1688508']
2026-07-13 14:09:00,353 [INFO] [INFO] 无新预警
2026-07-13 14:12:00,520 [INFO] Loaded code sets: SH=4767, SZ=4254
2026-07-13 14:12:00,526 [INFO] [SKIP] 7位代码（基金/LOF，eval_smart不支持）: ['0001207', '0002158', '0300440', '0300454', '0300487', '0301202', '0301321', '1688061', '1688202', '1688319', '1688371', '1688508']
2026-07-13 14:12:00,527 [INFO] [INFO] 无新预警
2026-07-13 14:15:00,554 [INFO] Loaded code sets: SH=4767, SZ=4254
2026-07-13 14:15:00,555 [INFO] [SKIP] 7位代码（基金/LOF，eval_smart不支持）: ['0001207', '0002158', '0300440', '0300454', '0300487', '0301202', '0301321', '1688061', '1688202', '1688319', '1688371', '1688508']
2026-07-13 14:15:00,555 [INFO] [INFO] 无新预警
2026-07-13 14:18:00,652 [INFO] Loaded code sets: SH=4767, SZ=4254
2026-07-13 14:18:00,653 [INFO] [SKIP] 7位代码（基金/LOF，eval_smart不支持）: ['0001207', '0002158', '0300440', '0300454', '0300487', '0301202', '0301321', '1688061', '1688202', '1688319', '1688371', '1688508']
2026-07-13 14:18:00,653 [INFO] [INFO] 无新预警
2026-07-13 14:21:00,728 [INFO] Loaded code sets: SH=4767, SZ=4254
2026-07-13 14:21:00,729 [INFO] [SKIP] 7位代码（基金/LOF，eval_smart不支持）: ['0001207', '0002158', '0300440', '0300454', '0300487', '0301202', '0301321', '1688061', '1688202', '1688319', '1688371', '1688508']
2026-07-13 14:24:00,821 [INFO] Loaded code sets: SH=4767, SZ=4254
2026-07-13 14:24:00,822 [INFO] [SKIP] 7位代码（基金/LOF，eval_smart不支持）: ['0001207', '0002158', '0300440', '0300454', '0300487', '0301202', '0301321', '1688061', '1688202', '1688319', '1688371', '1688508']
2026-07-13 14:26:01,027 [INFO] Loaded code sets: SH=4767, SZ=4254
2026-07-13 14:26:01,028 [INFO] [SKIP] 7位代码（基金/LOF，eval_smart不支持）: ['0001207', '0002158', '0300440', '0300454', '0300487', '0301202', '0301321', '1688061', '1688202', '1688319', '1688371', '1688508']
2026-07-13 14:29:01,052 [INFO] Loaded code sets: SH=4767, SZ=4254
2026-07-13 14:29:01,053 [INFO] [SKIP] 7位代码（基金/LOF，eval_smart不支持）: ['0001207', '0002158', '0300440', '0300454', '0300487', '0301202', '0301321', '1688061', '1688202', '1688319', '1688371', '1688508']
2026-07-13 14:32:01,157 [INFO] Loaded code sets: SH=4767, SZ=4254
2026-07-13 14:32:01,158 [INFO] [SKIP] 7位代码（基金/LOF，eval_smart不支持）: ['0001207', '0002158', '0300440', '0300454', '0300487', '0301202', '0301321', '1688061', '1688202', '1688319', '1688371', '1688508']
2026-07-13 14:35:01,272 [INFO] Loaded code sets: SH=4767, SZ=4254
2026-07-13 14:35:01,273 [INFO] [SKIP] 7位代码（基金/LOF，eval_smart不支持）: ['0001207', '0002158', '0300440', '0300454', '0300487', '0301202', '0301321', '1688061', '1688202', '1688319', '1688371', '1688508']
2026-07-13 14:38:01,416 [INFO] Loaded code sets: SH=4767, SZ=4254
2026-07-13 14:38:01,417 [INFO] [SKIP] 7位代码（基金/LOF，eval_smart不支持）: ['0001207', '0002158', '0300440', '0300454', '0300487', '0301202', '0301321', '1688061', '1688202', '1688319', '1688371', '1688508']
2026-07-13 14:41:01,399 [INFO] Loaded code sets: SH=4767, SZ=4254
2026-07-13 14:41:01,400 [INFO] [SKIP] 7位代码（基金/LOF，eval_smart不支持）: ['0001207', '0002158', '0300440', '0300454', '0300487', '0301202', '0301321', '1688061', '1688202', '1688319', '1688371', '1688508']
2026-07-13 14:44:01,577 [INFO] Loaded code sets: SH=4767, SZ=4254
2026-07-13 14:44:01,578 [INFO] [SKIP] 7位代码（基金/LOF，eval_smart不支持）: ['0001207', '0002158', '0300440', '0300454', '0300487', '0301202', '0301321', '1688061', '1688202', '1688319', '1688371', '1688508']
2026-07-13 14:47:01,582 [INFO] Loaded code sets: SH=4767, SZ=4254
2026-07-13 14:47:01,583 [INFO] [SKIP] 7位代码（基金/LOF，eval_smart不支持）: ['0001207', '0002158', '0300440', '0300454', '0300487', '0301202', '0301321', '1688061', '1688202', '1688319', '1688371', '1688508']
2026-07-13 14:50:01,665 [INFO] Loaded code sets: SH=4767, SZ=4254
2026-07-13 14:50:01,666 [INFO] [SKIP] 7位代码（基金/LOF，eval_smart不支持）: ['0001207', '0002158', '0300440', '0300454', '0300487', '0301202', '0301321', '1688061', '1688202', '1688319', '1688371', '1688508']
2026-07-13 14:53:01,772 [INFO] Loaded code sets: SH=4767, SZ=4254
2026-07-13 14:53:01,772 [INFO] [SKIP] 7位代码（基金/LOF，eval_smart不支持）: ['0001207', '0002158', '0300440', '0300454', '0300487', '0301202', '0301321', '1688061', '1688202', '1688319', '1688371', '1688508']
2026-07-13 14:56:01,884 [INFO] Loaded code sets: SH=4767, SZ=4254
2026-07-13 14:56:01,884 [INFO] [SKIP] 7位代码（基金/LOF，eval_smart不支持）: ['0001207', '0002158', '0300440', '0300454', '0300487', '0301202', '0301321', '1688061', '1688202', '1688319', '1688371', '1688508']
2026-07-13 14:59:01,970 [INFO] Loaded code sets: SH=4767, SZ=4254
2026-07-13 14:59:01,972 [INFO] [SKIP] 7位代码（基金/LOF，eval_smart不支持）: ['0001207', '0002158', '0300440', '0300454', '0300487', '0301202', '0301321', '1688061', '1688202', '1688319', '1688371', '1688508']
2026-07-13 15:29:04,715 [INFO] Loaded code sets: SH=4767, SZ=4254
2026-07-13 15:32:04,435 [INFO] Loaded code sets: SH=4767, SZ=4254
2026-07-13 15:35:04,743 [INFO] Loaded code sets: SH=4767, SZ=4254
2026-07-13 15:38:04,860 [INFO] Loaded code sets: SH=4767, SZ=4254
2026-07-13 15:41:05,567 [INFO] Loaded code sets: SH=4767, SZ=4254
2026-07-13 15:41:28,339 [INFO] Loaded code sets: SH=4767, SZ=4254
2026-07-13 15:43:18,507 [INFO] Loaded code sets: SH=4767, SZ=4254
2026-07-13 15:43:44,651 [INFO] Loaded code sets: SH=4767, SZ=4254
2026-07-13 15:44:05,300 [INFO] Loaded code sets: SH=4767, SZ=4254
2026-07-13 15:47:05,463 [INFO] Loaded code sets: SH=4767, SZ=4254
2026-07-13 15:50:05,673 [INFO] Loaded code sets: SH=4767, SZ=4254
2026-07-13 15:53:06,348 [INFO] Loaded code sets: SH=4767, SZ=4254
2026-07-13 15:56:06,067 [INFO] Loaded code sets: SH=4767, SZ=4254
2026-07-13 15:59:06,398 [INFO] Loaded code sets: SH=4767, SZ=4254
2026-07-13 15:59:54,285 [INFO] Loaded code sets: SH=4767, SZ=4254
2026-07-13 16:22:34,335 [INFO] Loaded code sets: SH=4767, SZ=4255
2026-07-13 16:24:01,304 [INFO] Loaded code sets: SH=4767, SZ=4255
2026-07-13 16:33:13,290 [INFO] Loaded code sets: SH=4767, SZ=4255
2026-07-13 16:35:58,583 [INFO] Loaded code sets: SH=4767, SZ=4255
2026-07-13 16:47:48,812 [INFO] Loaded code sets: SH=4767, SZ=4255
2026-07-13 16:48:33,417 [INFO] [PZYJ] raw codes: ['1603296']
2026-07-13 16:48:33,417 [INFO] [PZYJ] normalized: ['603296']
2026-07-13 16:48:33,417 [INFO] [NEW] codes to evaluate: ['603296']
2026-07-13 16:48:33,418 [INFO] [EVAL] 开始评估: 603296
2026-07-13 16:48:59,973 [INFO] [EVAL] 603296 评估成功
2026-07-13 16:48:59,978 [INFO] [PUSH] D:\Hermes\评估中心\tools\tdx_connector\telegram_queue\603296_164859.txt
2026-07-13 16:48:59,979 [INFO] [DONE] 处理完成: 1 只股票
2026-07-13 17:38:20,361 [INFO] Loaded code sets: SH=4767, SZ=4255
2026-07-13 17:38:20,427 [INFO] Loaded code sets: SH=4767, SZ=4255
2026-07-13 17:38:20,654 [INFO] Loaded code sets: SH=4767, SZ=4255
