=== 日线公式回测 v4  区间:20230101→20251231  持仓:20天  top_k:5 ===
[1/4] 加载 8541 只, 48s
[2/4] 指标 8541 只, 187s
[2/4] 大盘多头 481 天
[3/4] 执行回测...
  主进20稳健: 1596笔 胜率31.6% 单均1.37 年化45.7
  主进20改: 1234笔 胜率23.6% 单均-1.21 年化-22.9
  黄金右侧: 1266笔 胜率27.9% 单均-0.71 年化-14.4
  四维共振主起: 1314笔 胜率25.6% 单均-1.13 年化-22.8
  20日DCZ双回踩: 1487笔 胜率18.4% 单均-2.03 年化-40.9
  强主进精选: 1585笔 胜率26.9% 单均-1.4 年化-32.1

===========================================================================
各公式横向对比
===========================================================================
| 公式               |    交易 |    胜率 |     单均净 |      年化 |
|------------------|-------|-------|---------|---------|
| 主进20稳健           |  1596 |  31.6 |    1.37 |    45.7 |
| 黄金右侧             |  1266 |  27.9 |   -0.71 |   -14.4 |
| 四维共振主起           |  1314 |  25.6 |   -1.13 |   -22.8 |
| 主进20改            |  1234 |  23.6 |   -1.21 |   -22.9 |
| 强主进精选            |  1585 |  26.9 |   -1.40 |   -32.1 |
| 20日DCZ双回踩        |  1487 |  18.4 |   -2.03 |   -40.9 |

总耗时: 527s

报告已保存: D:/Hermes/同中书门下/产出/daily_formula_backtest_20260719_022333.md
